<?xml version="1.0" encoding="UTF-8"?>
<TestRun id="036a7139-fa30-4968-b96c-1a0874ea8bad" name="Little Jow@JOW-E76F4B0F945 2012-01-31 22:57:31" runUser="JOW-E76F4B0F945\Little Jow" xmlns="http://microsoft.com/schemas/VisualStudio/TeamTest/2010">
  <TestSettings name="Local" id="8343482d-57f3-4115-8396-66e7afddeec7">
    <Description>These are default test settings for a local test run.</Description>
    <Deployment enabled="false" runDeploymentRoot="Little Jow_JOW-E76F4B0F945 2012-01-31 22_57_31">
      <DeploymentItem filename="C:\rps\RPS\bin\rps.dll" />
      <DeploymentItem filename="C:\rps\RPS\App_Data\System.Data.SQLite.dll" />
      <DeploymentItem filename="C:\Program Files\NUnit 2.5.10\bin\net-2.0\framework\nunit.framework.dll" />
    </Deployment>
    <Execution>
      <TestTypeSpecific />
      <AgentRule name="Execution Agents">
      </AgentRule>
    </Execution>
  </TestSettings>
  <Times creation="2012-01-31T22:57:31.8159500+02:00" queuing="2012-01-31T22:57:31.8159500+02:00" start="2012-01-31T22:57:31.8159500+02:00" finish="2012-01-31T22:57:47.9097000+02:00" />
  <ResultSummary outcome="Error">
    <Counters total="1" error="0" failed="0" timeout="0" aborted="0" inconclusive="0" passedButRunAborted="0" notRunnable="0" notExecuted="1" disconnected="0" warning="0" passed="0" completed="0" inProgress="0" pending="0" />
    <RunInfos>
      <RunInfo computerName="JOW-E76F4B0F945" outcome="Error" timestamp="2012-01-31T22:57:47.7222000+02:00">
        <Text>Test host process exited unexpectedly.</Text>
      </RunInfo>
      <RunInfo computerName="JOW-E76F4B0F945" outcome="Error" timestamp="2012-01-31T22:57:47.9097000+02:00">
        <Text>Failed to queue test run 'Little Jow@JOW-E76F4B0F945 2012-01-31 22:57:31': Unable to start the agent process. </Text>
        <Exception>Microsoft.VisualStudio.TestTools.Exceptions.EqtException: Unable to start the agent process. 
   at Microsoft.VisualStudio.TestTools.Agent.AgentProcessManager.HandleCannotStartAgentProcessError(Exception ex)
   at Microsoft.VisualStudio.TestTools.Agent.AgentProcessManager.HandleCannotStartAgentProcessError()
   at Microsoft.VisualStudio.TestTools.Agent.OutOfProcessStrategy.StartAgentProcess(AgentProcessStartupInfo agentProcessStartupInfo, Boolean restarting)
   at Microsoft.VisualStudio.TestTools.Agent.OutOfProcessStrategy.StartAgentProcess(AgentProcessStartupInfo agentProcessStartupInfo)
   at Microsoft.VisualStudio.TestTools.Agent.AgentProxy.StartAgentProcess(AgentProcessStartupInfo agentProcessStartupInfo)
   at Microsoft.VisualStudio.TestTools.Agent.AgentProcessProxyManager.StartTestAgentProcesses(AgentProcessStartupInfo agentProcessStartupInfo)
   at Microsoft.VisualStudio.TestTools.Agent.AgentProcessManager.StartAgentProcess(AgentProcessStartupInfo agentProcessStartupInfo, Boolean startDataCollectionAgent)
   at Microsoft.VisualStudio.TestTools.Agent.AgentProcessManager.StartAgentProcess(AgentProcessStartupInfo agentProcessStartupInfo, TestRunConfiguration testRunConfiguration)
   at Microsoft.VisualStudio.TestTools.TestManagement.LocalControllerProxy.StartProcess(TestRun run)
   at Microsoft.VisualStudio.TestTools.TestManagement.LocalControllerProxy.PrepareProcess(TestRun run)
   at Microsoft.VisualStudio.TestTools.TestManagement.LocalControllerProxy.InitializeController(TestRun run)
   at Microsoft.VisualStudio.TestTools.TestManagement.ControllerProxy.QueueTestRunWorker(Object state)</Exception>
      </RunInfo>
    </RunInfos>
  </ResultSummary>
  <TestDefinitions>
    <UnitTest name="kCalcTest" storage="c:\rps\rps\testproject1\bin\release\testproject1.dll" id="2a38caff-436f-076d-c526-8374b4757b08">
      <TestMethod codeBase="C:/rps/RPS/TestProject1/bin/Release/TestProject1.DLL" adapterTypeName="Microsoft.VisualStudio.TestTools.TestTypes.Unit.UnitTestAdapter, Microsoft.VisualStudio.QualityTools.Tips.UnitTest.Adapter, Version=10.0.0.0, Culture=neutral, PublicKeyToken=b03f5f7f11d50a3a" className="TestProject1.InterpartorTest, TestProject1, Version=1.0.0.0, Culture=neutral, PublicKeyToken=null" name="kCalcTest" />
    </UnitTest>
  </TestDefinitions>
  <TestLists>
    <TestList name="Results Not in a List" id="8c84fa94-04c1-424b-9868-57a2d4851a1d" />
    <TestList name="All Loaded Results" id="19431567-8539-422a-85d7-44ee4e166bda" />
  </TestLists>
  <TestEntries>
    <TestEntry testId="2a38caff-436f-076d-c526-8374b4757b08" executionId="5abb7c9e-3439-4ecd-a44d-94dfc286c511" testListId="8c84fa94-04c1-424b-9868-57a2d4851a1d" />
  </TestEntries>
  <Results>
    <UnitTestResult executionId="5abb7c9e-3439-4ecd-a44d-94dfc286c511" testId="2a38caff-436f-076d-c526-8374b4757b08" testName="kCalcTest" computerName="JOW-E76F4B0F945" testType="13cdc9d9-ddb5-4fa4-a97d-d965ccfc6d4b" outcome="NotExecuted" testListId="8c84fa94-04c1-424b-9868-57a2d4851a1d" relativeResultsDirectory="5abb7c9e-3439-4ecd-a44d-94dfc286c511">
    </UnitTestResult>
  </Results>
</TestRun>